Arguments: 
  /usr/local/Cellar/node/8.5.0/bin/node /usr/local/Cellar/yarn/1.0.2/libexec/bin/yarn.js add @UCDavisLibrary/cork-app-utils

PATH: 
  /usr/local/bin:/usr/bin:/bin:/usr/sbin:/sbin

Yarn version: 
  1.0.2

Node version: 
  8.5.0

Platform: 
  darwin x64

npm manifest: 
  {
    "name": "polymer-3-test",
    "version": "1.0.0",
    "flat": true,
    "main": "index.js",
    "license": "MIT",
    "dependencies": {
      "@polymer/app-layout": "^3.0.0-pre.1",
      "@polymer/iron-icons": "^3.0.0-pre.1",
      "@polymer/paper-button": "^3.0.0-pre.1",
      "@polymer/paper-icon-button": "^3.0.0-pre.1",
      "@polymer/paper-material": "^3.0.0-pre.1",
      "@polymer/paper-styles": "^3.0.0-pre.1",
      "@polymer/polymer": "^3.0.0-pre.1",
      "@webcomponents/webcomponentsjs": "^1.0.12",
      "google-charts": "^1.0.0",
      "lit-html": "https://github.com/PolymerLabs/lit-html.git#master"
    },
    "resolutions": {
      "@webcomponents/webcomponentsjs": "1.0.12"
    }
  }

yarn manifest: 
  No manifest

Lockfile: 
  # THIS IS AN AUTOGENERATED FILE. DO NOT EDIT THIS FILE DIRECTLY.
  # yarn lockfile v1
  
  
  "@polymer/app-layout@^3.0.0-pre.1":
    version "3.0.0-pre.1"
    resolved "https://registry.yarnpkg.com/@polymer/app-layout/-/app-layout-3.0.0-pre.1.tgz#612df4d04fd76d36350547aba65920a4a9050f85"
    dependencies:
      "@polymer/iron-flex-layout" "^3.0.0-pre.1"
      "@polymer/iron-media-query" "^3.0.0-pre.1"
      "@polymer/iron-resizable-behavior" "^3.0.0-pre.1"
      "@polymer/iron-scroll-target-behavior" "^3.0.0-pre.1"
      "@polymer/polymer" "^3.0.0-pre.1"
  
  "@polymer/font-roboto@^3.0.0-pre.1":
    version "3.0.0-pre.1"
    resolved "https://registry.yarnpkg.com/@polymer/font-roboto/-/font-roboto-3.0.0-pre.1.tgz#3b989a3b7c7d7351d4d816f8136d708512b0bd10"
  
  "@polymer/iron-a11y-keys-behavior@^3.0.0-pre.1":
    version "3.0.0-pre.1"
    resolved "https://registry.yarnpkg.com/@polymer/iron-a11y-keys-behavior/-/iron-a11y-keys-behavior-3.0.0-pre.1.tgz#0b2954d7f6b04d97c9ae69c7f7cb82b9d4efe3e4"
    dependencies:
      "@polymer/polymer" "^3.0.0-pre.1"
  
  "@polymer/iron-behaviors@^3.0.0-pre.1":
    version "3.0.0-pre.1"
    resolved "https://registry.yarnpkg.com/@polymer/iron-behaviors/-/iron-behaviors-3.0.0-pre.1.tgz#bbb1d7555bf93e5d221d18cbf82d6994b39585b7"
    dependencies:
      "@polymer/iron-a11y-keys-behavior" "^3.0.0-pre.1"
      "@polymer/polymer" "^3.0.0-pre.1"
  
  "@polymer/iron-checked-element-behavior@^3.0.0-pre.1":
    version "3.0.0-pre.1"
    resolved "https://registry.yarnpkg.com/@polymer/iron-checked-element-behavior/-/iron-checked-element-behavior-3.0.0-pre.1.tgz#329089923fdc05a974ca7d78048c65cd7249150d"
    dependencies:
      "@polymer/iron-form-element-behavior" "^3.0.0-pre.1"
      "@polymer/iron-validatable-behavior" "^3.0.0-pre.1"
      "@polymer/polymer" "^3.0.0-pre.1"
  
  "@polymer/iron-flex-layout@^3.0.0-pre.1":
    version "3.0.0-pre.1"
    resolved "https://registry.yarnpkg.com/@polymer/iron-flex-layout/-/iron-flex-layout-3.0.0-pre.1.tgz#46738316b52fe2858bf4fb207176366b1657457f"
    dependencies:
      "@polymer/polymer" "^3.0.0-pre.1"
  
  "@polymer/iron-form-element-behavior@^3.0.0-pre.1":
    version "3.0.0-pre.1"
    resolved "https://registry.yarnpkg.com/@polymer/iron-form-element-behavior/-/iron-form-element-behavior-3.0.0-pre.1.tgz#a8bd62f2b6726353a821527683609081213441e7"
    dependencies:
      "@polymer/polymer" "^3.0.0-pre.1"
  
  "@polymer/iron-icon@^3.0.0-pre.1":
    version "3.0.0-pre.1"
    resolved "https://registry.yarnpkg.com/@polymer/iron-icon/-/iron-icon-3.0.0-pre.1.tgz#b324f92120b1aaab43b4919c90cd2a64784a5b16"
    dependencies:
      "@polymer/iron-flex-layout" "^3.0.0-pre.1"
      "@polymer/iron-meta" "^3.0.0-pre.1"
      "@polymer/polymer" "^3.0.0-pre.1"
  
  "@polymer/iron-icons@^3.0.0-pre.1":
    version "3.0.0-pre.1"
    resolved "https://registry.yarnpkg.com/@polymer/iron-icons/-/iron-icons-3.0.0-pre.1.tgz#3e4b3fd9d1264465225fb89ff2daf171a1e3c37d"
    dependencies:
      "@polymer/iron-icon" "^3.0.0-pre.1"
      "@polymer/iron-iconset-svg" "^3.0.0-pre.1"
      "@polymer/polymer" "^3.0.0-pre.1"
  
  "@polymer/iron-iconset-svg@^3.0.0-pre.1":
    version "3.0.0-pre.1"
    resolved "https://registry.yarnpkg.com/@polymer/iron-iconset-svg/-/iron-iconset-svg-3.0.0-pre.1.tgz#06a03d5796c4280e1fda0edc334de9de1a808f7d"
    dependencies:
      "@polymer/iron-meta" "^3.0.0-pre.1"
      "@polymer/polymer" "^3.0.0-pre.1"
  
  "@polymer/iron-media-query@^3.0.0-pre.1":
    version "3.0.0-pre.1"
    resolved "https://registry.yarnpkg.com/@polymer/iron-media-query/-/iron-media-query-3.0.0-pre.1.tgz#5738c8d741574bd71eb740d2f9f073062d4a8510"
    dependencies:
      "@polymer/polymer" "^3.0.0-pre.1"
  
  "@polymer/iron-meta@^3.0.0-pre.1":
    version "3.0.0-pre.1"
    resolved "https://registry.yarnpkg.com/@polymer/iron-meta/-/iron-meta-3.0.0-pre.1.tgz#809f5717a8eb80062fee6039ccd5fafe4875ca85"
    dependencies:
      "@polymer/polymer" "^3.0.0-pre.1"
  
  "@polymer/iron-resizable-behavior@^3.0.0-pre.1":
    version "3.0.0-pre.1"
    resolved "https://registry.yarnpkg.com/@polymer/iron-resizable-behavior/-/iron-resizable-behavior-3.0.0-pre.1.tgz#1a6c0276329fdb41818c5e1356f9a8089cf3fbdb"
    dependencies:
      "@polymer/polymer" "^3.0.0-pre.1"
  
  "@polymer/iron-scroll-target-behavior@^3.0.0-pre.1":
    version "3.0.0-pre.1"
    resolved "https://registry.yarnpkg.com/@polymer/iron-scroll-target-behavior/-/iron-scroll-target-behavior-3.0.0-pre.1.tgz#39f5754efdf7083fb82c295a3c94a30e57fbbacf"
    dependencies:
      "@polymer/polymer" "^3.0.0-pre.1"
  
  "@polymer/iron-validatable-behavior@^3.0.0-pre.1":
    version "3.0.0-pre.1"
    resolved "https://registry.yarnpkg.com/@polymer/iron-validatable-behavior/-/iron-validatable-behavior-3.0.0-pre.1.tgz#2d1f05e69738e003a761769036d1aece32a7a266"
    dependencies:
      "@polymer/iron-meta" "^3.0.0-pre.1"
      "@polymer/polymer" "^3.0.0-pre.1"
  
  "@polymer/paper-behaviors@^3.0.0-pre.1":
    version "3.0.0-pre.1"
    resolved "https://registry.yarnpkg.com/@polymer/paper-behaviors/-/paper-behaviors-3.0.0-pre.1.tgz#805506d7799fa45566d9ce6a18c5943a8203764b"
    dependencies:
      "@polymer/iron-behaviors" "^3.0.0-pre.1"
      "@polymer/iron-checked-element-behavior" "^3.0.0-pre.1"
      "@polymer/paper-ripple" "^3.0.0-pre.1"
      "@polymer/polymer" "^3.0.0-pre.1"
  
  "@polymer/paper-button@^3.0.0-pre.1":
    version "3.0.0-pre.1"
    resolved "https://registry.yarnpkg.com/@polymer/paper-button/-/paper-button-3.0.0-pre.1.tgz#3376fb2fc543d9b09f752d8da856c80292de0e6a"
    dependencies:
      "@polymer/iron-flex-layout" "^3.0.0-pre.1"
      "@polymer/paper-behaviors" "^3.0.0-pre.1"
      "@polymer/paper-styles" "^3.0.0-pre.1"
      "@polymer/polymer" "^3.0.0-pre.1"
  
  "@polymer/paper-icon-button@^3.0.0-pre.1":
    version "3.0.0-pre.1"
    resolved "https://registry.yarnpkg.com/@polymer/paper-icon-button/-/paper-icon-button-3.0.0-pre.1.tgz#f0617d177c9478a676eab808cc882978f1031366"
    dependencies:
      "@polymer/iron-icon" "^3.0.0-pre.1"
      "@polymer/paper-behaviors" "^3.0.0-pre.1"
      "@polymer/paper-styles" "^3.0.0-pre.1"
      "@polymer/polymer" "^3.0.0-pre.1"
  
  "@polymer/paper-material@^3.0.0-pre.1":
    version "3.0.0-pre.1"
    resolved "https://registry.yarnpkg.com/@polymer/paper-material/-/paper-material-3.0.0-pre.1.tgz#eb0e48ddfd187c5138d4596a2b3ed400c7ea4b05"
    dependencies:
      "@polymer/paper-styles" "^3.0.0-pre.1"
      "@polymer/polymer" "^3.0.0-pre.1"
  
  "@polymer/paper-ripple@^3.0.0-pre.1":
    version "3.0.0-pre.1"
    resolved "https://registry.yarnpkg.com/@polymer/paper-ripple/-/paper-ripple-3.0.0-pre.1.tgz#67e692ea2c6d91d4f5f5bdf998dbd8a52acd9efa"
    dependencies:
      "@polymer/iron-a11y-keys-behavior" "^3.0.0-pre.1"
      "@polymer/polymer" "^3.0.0-pre.1"
  
  "@polymer/paper-styles@^3.0.0-pre.1":
    version "3.0.0-pre.1"
    resolved "https://registry.yarnpkg.com/@polymer/paper-styles/-/paper-styles-3.0.0-pre.1.tgz#333fd04f5052733ebc10e3a08a59f07b5586af13"
    dependencies:
      "@polymer/font-roboto" "^3.0.0-pre.1"
      "@polymer/iron-flex-layout" "^3.0.0-pre.1"
      "@polymer/polymer" "^3.0.0-pre.1"
  
  "@polymer/polymer@^3.0.0-pre.1":
    version "3.0.0-pre.1"
    resolved "https://registry.yarnpkg.com/@polymer/polymer/-/polymer-3.0.0-pre.1.tgz#9fc26b5259aad9265f324ced02de715991d2eabe"
    dependencies:
      "@webcomponents/shadycss" "^1.0.0"
      "@webcomponents/webcomponentsjs" "^1.0.0"
  
  "@webcomponents/shadycss@^1.0.0":
    version "1.0.6"
    resolved "https://registry.yarnpkg.com/@webcomponents/shadycss/-/shadycss-1.0.6.tgz#5679919c43da77cbc884ba0bef6457111c65d7cd"
  
  "@webcomponents/webcomponentsjs@1.0.12", "@webcomponents/webcomponentsjs@^1.0.0", "@webcomponents/webcomponentsjs@^1.0.12":
    version "1.0.12"
    resolved "https://registry.yarnpkg.com/@webcomponents/webcomponentsjs/-/webcomponentsjs-1.0.12.tgz#68d14d955146c679b1b4a34a3df7991ab5cecf4e"
  
  google-charts@^1.0.0:
    version "1.0.0"
    resolved "https://registry.yarnpkg.com/google-charts/-/google-charts-1.0.0.tgz#a7c49ae8940f35ad21182757e6552c99a5e44632"
  
  "lit-html@https://github.com/PolymerLabs/lit-html.git#master":
    version "0.6.0"
    resolved "https://github.com/PolymerLabs/lit-html.git#9d6f581f77533cb47783d0271d6d968b1f7690de"

Trace: 
  Error: https://registry.yarnpkg.com/@UCDavisLibrary%2fcork-app-utils: Not found
      at Request.params.callback [as _callback] (/usr/local/Cellar/yarn/1.0.2/libexec/lib/cli.js:60302:18)
      at Request.self.callback (/usr/local/Cellar/yarn/1.0.2/libexec/lib/cli.js:117370:22)
      at emitTwo (events.js:125:13)
      at Request.emit (events.js:213:7)
      at Request.<anonymous> (/usr/local/Cellar/yarn/1.0.2/libexec/lib/cli.js:118353:10)
      at emitOne (events.js:115:13)
      at Request.emit (events.js:210:7)
      at IncomingMessage.<anonymous> (/usr/local/Cellar/yarn/1.0.2/libexec/lib/cli.js:118273:12)
      at Object.onceWrapper (events.js:314:30)
      at emitNone (events.js:110:20)
